This file contains any messages produced by compilers while
running configure, to aid debugging if configure makes a mistake.

It was created by c-skeleton configure 0.1, which was
generated by GNU Autoconf 2.69.  Invocation command line was

  $ ./configure --no-create --no-recursion

## --------- ##
## Platform. ##
## --------- ##

hostname = subaochen
uname -m = x86_64
uname -r = 4.2.0-23-generic
uname -s = Linux
uname -v = #28-Ubuntu SMP Sun Dec 27 17:47:31 UTC 2015

/usr/bin/uname -p = unknown
/bin/uname -X     = unknown

/bin/arch              = unknown
/usr/bin/arch -k       = unknown
/usr/convex/getsysinfo = unknown
/usr/bin/hostinfo      = unknown
/bin/machine           = unknown
/usr/bin/oslevel       = unknown
/bin/universe          = unknown

PATH: /usr/local/sbin
PATH: /usr/local/bin
PATH: /usr/sbin
PATH: /usr/bin
PATH: /sbin
PATH: /bin
PATH: /usr/games
PATH: /usr/local/games
PATH: /home/subaochen/devel/jdk/bin


## ----------- ##
## Core tests. ##
## ----------- ##

configure:1832: checking for a BSD-compatible install
configure:1900: result: /usr/bin/install -c
configure:1911: checking whether build environment is sane
configure:1966: result: yes
configure:2117: checking for a thread-safe mkdir -p
configure:2156: result: /bin/mkdir -p
configure:2163: checking for gawk
configure:2179: found /usr/bin/gawk
configure:2190: result: gawk
configure:2201: checking whether make sets $(MAKE)
configure:2223: result: yes
configure:2252: checking whether make supports nested variables
configure:2269: result: yes
configure:2447: checking for gcc
configure:2463: found /usr/bin/gcc
configure:2474: result: gcc
configure:2703: checking for C compiler version
configure:2712: gcc --version >&5
gcc (Ubuntu 5.2.1-22ubuntu2) 5.2.1 20151010
Copyright (C) 2015 Free Software Foundation, Inc.
This is free software; see the source for copying conditions.  There is NO
warranty; not even for MERCHANTABILITY or FITNESS FOR A PARTICULAR PURPOSE.

configure:2723: $? = 0
configure:2712: gcc -v >&5
Using built-in specs.
COLLECT_GCC=gcc
COLLECT_LTO_WRAPPER=/usr/lib/gcc/x86_64-linux-gnu/5/lto-wrapper
Target: x86_64-linux-gnu
Configured with: ../src/configure -v --with-pkgversion='Ubuntu 5.2.1-22ubuntu2' --with-bugurl=file:///usr/share/doc/gcc-5/README.Bugs --enable-languages=c,ada,c++,java,go,d,fortran,objc,obj-c++ --prefix=/usr --program-suffix=-5 --enable-shared --enable-linker-build-id --libexecdir=/usr/lib --without-included-gettext --enable-threads=posix --libdir=/usr/lib --enable-nls --with-sysroot=/ --enable-clocale=gnu --enable-libstdcxx-debug --enable-libstdcxx-time=yes --with-default-libstdcxx-abi=new --enable-gnu-unique-object --disable-vtable-verify --enable-libmpx --enable-plugin --with-system-zlib --disable-browser-plugin --enable-java-awt=gtk --enable-gtk-cairo --with-java-home=/usr/lib/jvm/java-1.5.0-gcj-5-amd64/jre --enable-java-home --with-jvm-root-dir=/usr/lib/jvm/java-1.5.0-gcj-5-amd64 --with-jvm-jar-dir=/usr/lib/jvm-exports/java-1.5.0-gcj-5-amd64 --with-arch-directory=amd64 --with-ecj-jar=/usr/share/java/eclipse-ecj.jar --enable-objc-gc --enable-multiarch --disable-werror --with-arch-32=i686 --with-abi=m64 --with-multilib-list=m32,m64,mx32 --enable-multilib --with-tune=generic --enable-checking=release --build=x86_64-linux-gnu --host=x86_64-linux-gnu --target=x86_64-linux-gnu
Thread model: posix
gcc version 5.2.1 20151010 (Ubuntu 5.2.1-22ubuntu2) 
configure:2723: $? = 0
configure:2712: gcc -V >&5
gcc: error: unrecognized command line option '-V'
gcc: fatal error: no input files
compilation terminated.
configure:2723: $? = 1
configure:2712: gcc -qversion >&5
gcc: error: unrecognized command line option '-qversion'
gcc: fatal error: no input files
compilation terminated.
configure:2723: $? = 1
configure:2743: checking whether the C compiler works
configure:2765: gcc    conftest.c  >&5
configure:2769: $? = 0
configure:2817: result: yes
configure:2820: checking for C compiler default output file name
configure:2822: result: a.out
configure:2828: checking for suffix of executables
configure:2835: gcc -o conftest    conftest.c  >&5
configure:2839: $? = 0
configure:2861: result: 
configure:2883: checking whether we are cross compiling
configure:2891: gcc -o conftest    conftest.c  >&5
configure:2895: $? = 0
configure:2902: ./conftest
configure:2906: $? = 0
configure:2921: result: no
configure:2926: checking for suffix of object files
configure:2948: gcc -c   conftest.c >&5
configure:2952: $? = 0
configure:2973: result: o
configure:2977: checking whether we are using the GNU C compiler
configure:2996: gcc -c   conftest.c >&5
configure:2996: $? = 0
configure:3005: result: yes
configure:3014: checking whether gcc accepts -g
configure:3034: gcc -c -g  conftest.c >&5
configure:3034: $? = 0
configure:3075: result: yes
configure:3092: checking for gcc option to accept ISO C89
configure:3155: gcc  -c -g -O2  conftest.c >&5
configure:3155: $? = 0
configure:3168: result: none needed
configure:3193: checking whether gcc understands -c and -o together
configure:3215: gcc -c conftest.c -o conftest2.o
configure:3218: $? = 0
configure:3215: gcc -c conftest.c -o conftest2.o
configure:3218: $? = 0
configure:3230: result: yes
configure:3258: checking for style of include used by make
configure:3286: result: GNU
configure:3312: checking dependency style of gcc
configure:3423: result: gcc3
configure:3594: checking that generated files are newer than configure
configure:3600: result: done
configure:3623: creating ./config.status

## ---------------- ##
## Cache variables. ##
## ---------------- ##

ac_cv_c_compiler_gnu=yes
ac_cv_env_CC_set=
ac_cv_env_CC_value=
ac_cv_env_CFLAGS_set=
ac_cv_env_CFLAGS_value=
ac_cv_env_CPPFLAGS_set=
ac_cv_env_CPPFLAGS_value=
ac_cv_env_LDFLAGS_set=
ac_cv_env_LDFLAGS_value=
ac_cv_env_LIBS_set=
ac_cv_env_LIBS_value=
ac_cv_env_build_alias_set=
ac_cv_env_build_alias_value=
ac_cv_env_host_alias_set=
ac_cv_env_host_alias_value=
ac_cv_env_target_alias_set=
ac_cv_env_target_alias_value=
ac_cv_objext=o
ac_cv_path_install='/usr/bin/install -c'
ac_cv_path_mkdir=/bin/mkdir
ac_cv_prog_AWK=gawk
ac_cv_prog_ac_ct_CC=gcc
ac_cv_prog_cc_c89=
ac_cv_prog_cc_g=yes
ac_cv_prog_make_make_set=yes
am_cv_CC_dependencies_compiler_type=gcc3
am_cv_make_support_nested_variables=yes
am_cv_prog_cc_c_o=yes

## ----------------- ##
## Output variables. ##
## ----------------- ##

ACLOCAL='${SHELL} /home/subaochen/git/c-skeleton/missing aclocal-1.15'
AMDEPBACKSLASH='\'
AMDEP_FALSE='#'
AMDEP_TRUE=''
AMTAR='$${TAR-tar}'
AM_BACKSLASH='\'
AM_DEFAULT_V='$(AM_DEFAULT_VERBOSITY)'
AM_DEFAULT_VERBOSITY='1'
AM_V='$(V)'
AUTOCONF='${SHELL} /home/subaochen/git/c-skeleton/missing autoconf'
AUTOHEADER='${SHELL} /home/subaochen/git/c-skeleton/missing autoheader'
AUTOMAKE='${SHELL} /home/subaochen/git/c-skeleton/missing automake-1.15'
AWK='gawk'
CC='gcc'
CCDEPMODE='depmode=gcc3'
CFLAGS='-g -O2'
CPPFLAGS=''
CYGPATH_W='echo'
DEFS='-DPACKAGE_NAME=\"c-skeleton\" -DPACKAGE_TARNAME=\"c-skeleton\" -DPACKAGE_VERSION=\"0.1\" -DPACKAGE_STRING=\"c-skeleton\ 0.1\" -DPACKAGE_BUGREPORT=\"subaochen@126.com\" -DPACKAGE_URL=\"\" -DPACKAGE=\"c-skeleton\" -DVERSION=\"0.1\"'
DEPDIR='.deps'
ECHO_C=''
ECHO_N='-n'
ECHO_T=''
EXEEXT=''
INSTALL_DATA='${INSTALL} -m 644'
INSTALL_PROGRAM='${INSTALL}'
INSTALL_SCRIPT='${INSTALL}'
INSTALL_STRIP_PROGRAM='$(install_sh) -c -s'
LDFLAGS=''
LIBOBJS=''
LIBS=''
LTLIBOBJS=''
MAKEINFO='${SHELL} /home/subaochen/git/c-skeleton/missing makeinfo'
MKDIR_P='/bin/mkdir -p'
OBJEXT='o'
PACKAGE='c-skeleton'
PACKAGE_BUGREPORT='subaochen@126.com'
PACKAGE_NAME='c-skeleton'
PACKAGE_STRING='c-skeleton 0.1'
PACKAGE_TARNAME='c-skeleton'
PACKAGE_URL=''
PACKAGE_VERSION='0.1'
PATH_SEPARATOR=':'
SET_MAKE=''
SHELL='/bin/bash'
STRIP=''
VERSION='0.1'
ac_ct_CC='gcc'
am__EXEEXT_FALSE=''
am__EXEEXT_TRUE='#'
am__fastdepCC_FALSE='#'
am__fastdepCC_TRUE=''
am__include='include'
am__isrc=''
am__leading_dot='.'
am__nodep='_no'
am__quote=''
am__tar='$${TAR-tar} chof - "$$tardir"'
am__untar='$${TAR-tar} xf -'
bindir='${exec_prefix}/bin'
build_alias=''
datadir='${datarootdir}'
datarootdir='${prefix}/share'
docdir='${datarootdir}/doc/${PACKAGE_TARNAME}'
dvidir='${docdir}'
exec_prefix='${prefix}'
host_alias=''
htmldir='${docdir}'
includedir='${prefix}/include'
infodir='${datarootdir}/info'
install_sh='${SHELL} /home/subaochen/git/c-skeleton/install-sh'
libdir='${exec_prefix}/lib'
libexecdir='${exec_prefix}/libexec'
localedir='${datarootdir}/locale'
localstatedir='${prefix}/var'
mandir='${datarootdir}/man'
mkdir_p='$(MKDIR_P)'
oldincludedir='/usr/include'
pdfdir='${docdir}'
prefix='/usr/local'
program_transform_name='s,x,x,'
psdir='${docdir}'
sbindir='${exec_prefix}/sbin'
sharedstatedir='${prefix}/com'
sysconfdir='${prefix}/etc'
target_alias=''

## ----------- ##
## confdefs.h. ##
## ----------- ##

/* confdefs.h */
#define PACKAGE_NAME "c-skeleton"
#define PACKAGE_TARNAME "c-skeleton"
#define PACKAGE_VERSION "0.1"
#define PACKAGE_STRING "c-skeleton 0.1"
#define PACKAGE_BUGREPORT "subaochen@126.com"
#define PACKAGE_URL ""
#define PACKAGE "c-skeleton"
#define VERSION "0.1"

configure: exit 0

## ---------------------- ##
## Running config.status. ##
## ---------------------- ##

This file was extended by c-skeleton config.status 0.1, which was
generated by GNU Autoconf 2.69.  Invocation command line was

  CONFIG_FILES    = 
  CONFIG_HEADERS  = 
  CONFIG_LINKS    = 
  CONFIG_COMMANDS = 
  $ ./config.status 

on subaochen

config.status:773: creating Makefile
config.status:773: creating src/Makefile
config.status:945: executing depfiles commands
